{
  "stats": {
    "suites": 1,
    "tests": 1,
    "passes": 0,
    "pending": 0,
    "failures": 1,
    "start": "2019-11-07T19:28:06.348Z",
    "end": "2019-11-07T19:28:06.374Z",
    "duration": 26,
    "testsRegistered": 1,
    "passPercent": 0,
    "pendingPercent": 0,
    "other": 0,
    "hasOther": false,
    "skipped": 0,
    "hasSkipped": false
  },
  "results": [
    {
      "uuid": "8b9be48a-fcd0-4752-b3d9-968bf94db9b9",
      "title": "",
      "fullFile": "",
      "file": "",
      "beforeHooks": [],
      "afterHooks": [],
      "tests": [],
      "suites": [
        {
          "uuid": "8669d7cb-4e17-4c3c-9904-c0d07b949ae7",
          "title": "Node接口测试",
          "fullFile": "C:\\Users\\24991\\Desktop\\test\\tests\\service\\router.spec.js",
          "file": "\\tests\\service\\router.spec.js",
          "beforeHooks": [],
          "afterHooks": [],
          "tests": [
            {
              "title": "test接口测试",
              "fullTitle": "Node接口测试 test接口测试",
              "timedOut": false,
              "duration": 1,
              "state": "failed",
              "speed": null,
              "pass": false,
              "fail": true,
              "pending": false,
              "context": null,
              "code": "request()\n.get(\"/test\")\n.expect(200)\n.expect(\"Content-Type\",/json/)\n.end(function(err,res){\n    if(err){\n        done(err);\n    }\n    if(res.body.data==\"Hello test😘\"){\n        done()\n    }else{\n        done(new Error(\"接口数据异常\"))\n    }\n})",
              "err": {
                "message": "ReferenceError: request is not defined",
                "estack": "ReferenceError: request is not defined\n    at Context.<anonymous> (tests\\service\\router.spec.js:10:9)\n    at processImmediate (internal/timers.js:439:21)",
                "diff": null
              },
              "uuid": "5a9fae89-2d70-4085-94af-bb25eeb75f83",
              "parentUUID": "8669d7cb-4e17-4c3c-9904-c0d07b949ae7",
              "isHook": false,
              "skipped": false
            }
          ],
          "suites": [],
          "passes": [],
          "failures": [
            "5a9fae89-2d70-4085-94af-bb25eeb75f83"
          ],
          "pending": [],
          "skipped": [],
          "duration": 1,
          "root": false,
          "rootEmpty": false,
          "_timeout": 2000
        }
      ],
      "passes": [],
      "failures": [],
      "pending": [],
      "skipped": [],
      "duration": 0,
      "root": true,
      "rootEmpty": true,
      "_timeout": 2000
    }
  ],
  "meta": {
    "mocha": {
      "version": "6.2.2"
    },
    "mochawesome": {
      "options": {
        "quiet": false,
        "reportFilename": "./docs/customReportFilename",
        "saveHtml": true,
        "saveJson": true,
        "consoleReporter": "spec",
        "useInlineDiffs": false
      },
      "version": "4.1.0"
    },
    "marge": {
      "options": {
        "reportFilename": "./docs/customReportFilename",
        "quit": true
      },
      "version": "4.0.1"
    }
  }
}