{
  "stats": {
    "suites": 1,
    "tests": 1,
    "passes": 0,
    "pending": 0,
    "failures": 1,
    "start": "2019-11-07T19:32:02.504Z",
    "end": "2019-11-07T19:32:02.557Z",
    "duration": 53,
    "testsRegistered": 1,
    "passPercent": 0,
    "pendingPercent": 0,
    "other": 0,
    "hasOther": false,
    "skipped": 0,
    "hasSkipped": false
  },
  "results": [
    {
      "uuid": "02539ebb-2df6-4ca4-ac4a-82f764898599",
      "title": "",
      "fullFile": "",
      "file": "",
      "beforeHooks": [],
      "afterHooks": [],
      "tests": [],
      "suites": [
        {
          "uuid": "450ae389-7685-4c9c-92f9-d771d7558543",
          "title": "Node接口测试",
          "fullFile": "C:\\Users\\24991\\Desktop\\test\\tests\\service\\router.spec.js",
          "file": "\\tests\\service\\router.spec.js",
          "beforeHooks": [],
          "afterHooks": [],
          "tests": [
            {
              "title": "test接口测试",
              "fullTitle": "Node接口测试 test接口测试",
              "timedOut": false,
              "duration": 41,
              "state": "failed",
              "speed": null,
              "pass": false,
              "fail": true,
              "pending": false,
              "context": null,
              "code": "request()\n.get(\"/test\")\n.expect(200)\n.expect(\"Content-Type\",/json/)\n.end(function(err,res){\n    if(err){\n        done(err);\n    }\n    if(res.body.data==\"Hello test\"){\n        done()\n    }else{\n        done(new Error(\"接口数据异常\"))\n    }\n})",
              "err": {
                "message": "Error: 接口数据异常",
                "estack": "Error: 接口数据异常\n    at Test.<anonymous> (tests\\service\\router.spec.js:21:22)\n    at Test.assert (node_modules\\supertest\\lib\\test.js:181:6)\n    at localAssert (node_modules\\supertest\\lib\\test.js:131:12)\n    at C:\\Users\\24991\\Desktop\\test\\node_modules\\supertest\\lib\\test.js:128:5\n    at Test.Request.callback (node_modules\\superagent\\lib\\node\\index.js:716:12)\n    at C:\\Users\\24991\\Desktop\\test\\node_modules\\superagent\\lib\\node\\index.js:916:18\n    at IncomingMessage.<anonymous> (node_modules\\superagent\\lib\\node\\parsers\\json.js:19:7)\n    at endReadableNT (_stream_readable.js:1130:12)\n    at processTicksAndRejections (internal/process/task_queues.js:83:17)",
                "diff": null
              },
              "uuid": "19d96036-8198-4897-8fa7-24c2db638da8",
              "parentUUID": "450ae389-7685-4c9c-92f9-d771d7558543",
              "isHook": false,
              "skipped": false
            }
          ],
          "suites": [],
          "passes": [],
          "failures": [
            "19d96036-8198-4897-8fa7-24c2db638da8"
          ],
          "pending": [],
          "skipped": [],
          "duration": 41,
          "root": false,
          "rootEmpty": false,
          "_timeout": 2000
        }
      ],
      "passes": [],
      "failures": [],
      "pending": [],
      "skipped": [],
      "duration": 0,
      "root": true,
      "rootEmpty": true,
      "_timeout": 2000
    }
  ],
  "meta": {
    "mocha": {
      "version": "6.2.2"
    },
    "mochawesome": {
      "options": {
        "quiet": false,
        "reportFilename": "mochawesome",
        "saveHtml": true,
        "saveJson": true,
        "consoleReporter": "spec",
        "useInlineDiffs": false
      },
      "version": "4.1.0"
    },
    "marge": {
      "options": {
        "reportDir": "./docs/customReportFilename",
        "quit": true
      },
      "version": "4.0.1"
    }
  }
}